<?xml version="1.0" encoding="UTF-8"?>
<!-- Generated by org.testng.reporters.JUnitXMLReporter -->
<testsuite hostname="TVMATP567799L" failures="7" tests="18" name="Test" time="346.563" errors="0" timestamp="2 Apr 2025 09:41:48 GMT">
  <testcase classname="RegisterFunctionality.TC_RF_001" name="ValidateRegisteringAnAccoiuntByFillingMandatoryFields" time="4.435"/>
  <testcase classname="RegisterFunctionality.TC_RF_004" name="ValidateProperErrorMsgDisplayedForEmptyFields" time="3.314"/>
  <testcase classname="RegisterFunctionality.TC_RF_005" name="ValidateRegisteringAnAccountWhenYesOptionIsSelected" time="6.646"/>
  <testcase classname="RegisterFunctionality.TC_RF_006" name="ValidateRegisteringAnAccountWhenNoOptionIsSelected" time="6.24"/>
  <testcase classname="RegisterFunctionality.TC_RF_007" name="ValidateDifferentWaysOfNavigatingToRegisterAccountPage" time="28.321"/>
  <testcase classname="RegisterFunctionality.TC_RF_008" name="ValidateRegisteringAnAccountByEnteringDifferentPasswordsIntoPasswordAndPasswordConfirmFields" time="4.175"/>
  <testcase classname="RegisterFunctionality.TC_RF_009" name="ValidateRegisteringAnAccountByProvidingTheExistingEmail" time="2.605"/>
  <testcase classname="RegisterFunctionality.TC_RF_010" name="ValidateRegisteringByProvidingInvalidEmailAddress" time="29.949">
    <failure type="java.lang.AssertionError" message="The following asserts failed:
	expected [false] but found [true]">
      <![CDATA[java.lang.AssertionError: The following asserts failed:
	expected [false] but found [true]
	at RegisterFunctionality.TC_RF_010.ValidateRegisteringByProvidingInvalidEmailAddress(TC_RF_010.java:74)
... Removed 25 stack frames]]>
    </failure>
  </testcase> <!-- ValidateRegisteringByProvidingInvalidEmailAddress -->
  <testcase classname="RegisterFunctionality.TC_RF_011" name="RegisteringAnAccountByProvidingInvalidPhoneNumber" time="13.876">
    <failure type="org.openqa.selenium.NoSuchElementException" message="no such element: Unable to locate element: {&amp;quot;method&amp;quot;:&amp;quot;xpath&amp;quot;,&amp;quot;selector&amp;quot;:&amp;quot;//input[@id=&amp;apos;input-telephone&amp;apos;]/following-sibling::div&amp;quot;}
  (Session info: MicrosoftEdge=134.0.3124.93)
For documentation on this error, please visit: https://selenium.dev/exceptions/#no_such_element
Build info: version: &amp;apos;4.0.0-alpha-7&amp;apos;, revision: &amp;apos;de8579b6d5&amp;apos;
System info: host: &amp;apos;TVMATP567799L&amp;apos;, ip: &amp;apos;192.168.48.252&amp;apos;, os.name: &amp;apos;Windows 11&amp;apos;, os.arch: &amp;apos;amd64&amp;apos;, os.version: &amp;apos;10.0&amp;apos;, java.version: &amp;apos;17.0.2&amp;apos;
Driver info: org.openqa.selenium.edge.EdgeDriver
Capabilities {acceptInsecureCerts: false, browserName: MicrosoftEdge, browserVersion: 134.0.3124.93, fedcm:accounts: true, javascriptEnabled: true, ms:edgeOptions: {debuggerAddress: localhost:54843}, msedge: {msedgedriverVersion: 134.0.3124.85 (4b32110e83d3..., userDataDir: C:\Users\mukesh.ganivada\Ap...}, networkConnectionEnabled: false, pageLoadStrategy: normal, platform: WINDOWS, platformName: WINDOWS, proxy: Proxy(), setWindowRect: true, strictFileInteractability: false, timeouts: {implicit: 0, pageLoad: 300000, script: 30000}, unhandledPromptBehavior: dismiss and notify, webauthn:extension:credBlob: true, webauthn:extension:largeBlob: true, webauthn:extension:minPinLength: true, webauthn:extension:prf: true, webauthn:virtualAuthenticators: true}
Session ID: 21a8ac5313d308f9f9d7cfd149d62c42
*** Element info: {Using=xpath, value=//input[@id=&amp;apos;input-telephone&amp;apos;]/following-sibling::div}">
      <![CDATA[org.openqa.selenium.NoSuchElementException: no such element: Unable to locate element: {"method":"xpath","selector":"//input[@id='input-telephone']/following-sibling::div"}
  (Session info: MicrosoftEdge=134.0.3124.93)
For documentation on this error, please visit: https://selenium.dev/exceptions/#no_such_element
Build info: version: '4.0.0-alpha-7', revision: 'de8579b6d5'
System info: host: 'TVMATP567799L', ip: '192.168.48.252', os.name: 'Windows 11', os.arch: 'amd64', os.version: '10.0', java.version: '17.0.2'
Driver info: org.openqa.selenium.edge.EdgeDriver
Capabilities {acceptInsecureCerts: false, browserName: MicrosoftEdge, browserVersion: 134.0.3124.93, fedcm:accounts: true, javascriptEnabled: true, ms:edgeOptions: {debuggerAddress: localhost:54843}, msedge: {msedgedriverVersion: 134.0.3124.85 (4b32110e83d3..., userDataDir: C:\Users\mukesh.ganivada\Ap...}, networkConnectionEnabled: false, pageLoadStrategy: normal, platform: WINDOWS, platformName: WINDOWS, proxy: Proxy(), setWindowRect: true, strictFileInteractability: false, timeouts: {implicit: 0, pageLoad: 300000, script: 30000}, unhandledPromptBehavior: dismiss and notify, webauthn:extension:credBlob: true, webauthn:extension:largeBlob: true, webauthn:extension:minPinLength: true, webauthn:extension:prf: true, webauthn:virtualAuthenticators: true}
Session ID: 21a8ac5313d308f9f9d7cfd149d62c42
*** Element info: {Using=xpath, value=//input[@id='input-telephone']/following-sibling::div}
	at org.openqa.selenium.remote.codec.w3c.W3CHttpResponseCodec.createException(W3CHttpResponseCodec.java:196)
	at org.openqa.selenium.remote.codec.w3c.W3CHttpResponseCodec.decode(W3CHttpResponseCodec.java:129)
	at org.openqa.selenium.remote.codec.w3c.W3CHttpResponseCodec.decode(W3CHttpResponseCodec.java:53)
	at org.openqa.selenium.remote.HttpCommandExecutor.execute(HttpCommandExecutor.java:167)
	at org.openqa.selenium.remote.service.DriverCommandExecutor.execute(DriverCommandExecutor.java:123)
	at org.openqa.selenium.remote.RemoteWebDriver.execute(RemoteWebDriver.java:501)
	at org.openqa.selenium.remote.RemoteWebDriver.findElement(RemoteWebDriver.java:332)
	at org.openqa.selenium.By$ByXPath.findElement(By.java:379)
	at org.openqa.selenium.remote.RemoteWebDriver.findElement(RemoteWebDriver.java:312)
	at RegisterFunctionality.TC_RF_011.RegisteringAnAccountByProvidingInvalidPhoneNumber(TC_RF_011.java:40)
... Removed 29 stack frames]]>
    </failure>
  </testcase> <!-- RegisteringAnAccountByProvidingInvalidPhoneNumber -->
  <testcase classname="RegisterFunctionality.TC_RF_012" name="VerifyRegisteringAnAccountByUsingTheKeyboardKeys" time="10.096"/>
  <testcase classname="RegisterFunctionality.TC_RF_013" name="VerifyAllTheFieldsInTheRegisterAccountPageHaveTheProperPlaceholders" time="2.086"/>
  <testcase classname="RegisterFunctionality.TC_RF_014" name="VerifyAllTheMandatoryFieldsInTheRegisterAccountPageAreMarkedWithRedColorSymbol" time="2.585">
    <failure type="java.lang.AssertionError" message="expected [&amp;quot;* &amp;quot;] but found [none]">
      <![CDATA[java.lang.AssertionError: expected ["* "] but found [none]
	at RegisterFunctionality.TC_RF_014.VerifyAllTheMandatoryFieldsInTheRegisterAccountPageAreMarkedWithRedColorSymbol(TC_RF_014.java:65)
... Removed 30 stack frames]]>
    </failure>
  </testcase> <!-- VerifyAllTheMandatoryFieldsInTheRegisterAccountPageAreMarkedWithRedColorSymbol -->
  <testcase classname="RegisterFunctionality.TC_RF_015" name="VerifyTheDetailsThatAreProvidedWhileRegisteringAnAccountAreStoredInTheDatabase" time="0.002"/>
  <testcase classname="RegisterFunctionality.TC_RF_016" name="VerifyWhetherTheMandatoryFieldsInTheRegisterAccountPageAreNotAcceptingOnlySpaces" time="2.701"/>
  <testcase classname="RegisterFunctionality.TC_RF_017" name="VerifyWhetherThePasswordFieldsInTheRegisterAccountPageAreFollowingPasswordComplexityStandards" time="2.87">
    <failure type="org.openqa.selenium.InvalidSelectorException" message="invalid selector: Unable to locate an element with the xpath expression //input[@id=&amp;apos;input-password]/following-sibling::div because of the following error:
SyntaxError: Failed to execute &amp;apos;evaluate&amp;apos; on &amp;apos;Document&amp;apos;: The string &amp;apos;//input[@id=&amp;apos;input-password]/following-sibling::div&amp;apos; is not a valid XPath expression.
  (Session info: MicrosoftEdge=134.0.3124.93)
For documentation on this error, please visit: https://selenium.dev/exceptions/#invalid_selector_exception
Build info: version: &amp;apos;4.0.0-alpha-7&amp;apos;, revision: &amp;apos;de8579b6d5&amp;apos;
System info: host: &amp;apos;TVMATP567799L&amp;apos;, ip: &amp;apos;192.168.48.252&amp;apos;, os.name: &amp;apos;Windows 11&amp;apos;, os.arch: &amp;apos;amd64&amp;apos;, os.version: &amp;apos;10.0&amp;apos;, java.version: &amp;apos;17.0.2&amp;apos;
Driver info: org.openqa.selenium.edge.EdgeDriver
Capabilities {acceptInsecureCerts: false, browserName: MicrosoftEdge, browserVersion: 134.0.3124.93, fedcm:accounts: true, javascriptEnabled: true, ms:edgeOptions: {debuggerAddress: localhost:55577}, msedge: {msedgedriverVersion: 134.0.3124.85 (4b32110e83d3..., userDataDir: C:\Users\mukesh.ganivada\Ap...}, networkConnectionEnabled: false, pageLoadStrategy: normal, platform: WINDOWS, platformName: WINDOWS, proxy: Proxy(), setWindowRect: true, strictFileInteractability: false, timeouts: {implicit: 0, pageLoad: 300000, script: 30000}, unhandledPromptBehavior: dismiss and notify, webauthn:extension:credBlob: true, webauthn:extension:largeBlob: true, webauthn:extension:minPinLength: true, webauthn:extension:prf: true, webauthn:virtualAuthenticators: true}
Session ID: 7aace59f0c2238ee29ed347c7ce2e72d
*** Element info: {Using=xpath, value=//input[@id=&amp;apos;input-password]/following-sibling::div}">
      <![CDATA[org.openqa.selenium.InvalidSelectorException: invalid selector: Unable to locate an element with the xpath expression //input[@id='input-password]/following-sibling::div because of the following error:
SyntaxError: Failed to execute 'evaluate' on 'Document': The string '//input[@id='input-password]/following-sibling::div' is not a valid XPath expression.
  (Session info: MicrosoftEdge=134.0.3124.93)
For documentation on this error, please visit: https://selenium.dev/exceptions/#invalid_selector_exception
Build info: version: '4.0.0-alpha-7', revision: 'de8579b6d5'
System info: host: 'TVMATP567799L', ip: '192.168.48.252', os.name: 'Windows 11', os.arch: 'amd64', os.version: '10.0', java.version: '17.0.2'
Driver info: org.openqa.selenium.edge.EdgeDriver
Capabilities {acceptInsecureCerts: false, browserName: MicrosoftEdge, browserVersion: 134.0.3124.93, fedcm:accounts: true, javascriptEnabled: true, ms:edgeOptions: {debuggerAddress: localhost:55577}, msedge: {msedgedriverVersion: 134.0.3124.85 (4b32110e83d3..., userDataDir: C:\Users\mukesh.ganivada\Ap...}, networkConnectionEnabled: false, pageLoadStrategy: normal, platform: WINDOWS, platformName: WINDOWS, proxy: Proxy(), setWindowRect: true, strictFileInteractability: false, timeouts: {implicit: 0, pageLoad: 300000, script: 30000}, unhandledPromptBehavior: dismiss and notify, webauthn:extension:credBlob: true, webauthn:extension:largeBlob: true, webauthn:extension:minPinLength: true, webauthn:extension:prf: true, webauthn:virtualAuthenticators: true}
Session ID: 7aace59f0c2238ee29ed347c7ce2e72d
*** Element info: {Using=xpath, value=//input[@id='input-password]/following-sibling::div}
	at org.openqa.selenium.remote.codec.w3c.W3CHttpResponseCodec.createException(W3CHttpResponseCodec.java:196)
	at org.openqa.selenium.remote.codec.w3c.W3CHttpResponseCodec.decode(W3CHttpResponseCodec.java:129)
	at org.openqa.selenium.remote.codec.w3c.W3CHttpResponseCodec.decode(W3CHttpResponseCodec.java:53)
	at org.openqa.selenium.remote.HttpCommandExecutor.execute(HttpCommandExecutor.java:167)
	at org.openqa.selenium.remote.service.DriverCommandExecutor.execute(DriverCommandExecutor.java:123)
	at org.openqa.selenium.remote.RemoteWebDriver.execute(RemoteWebDriver.java:501)
	at org.openqa.selenium.remote.RemoteWebDriver.findElement(RemoteWebDriver.java:332)
	at org.openqa.selenium.By$ByXPath.findElement(By.java:379)
	at org.openqa.selenium.remote.RemoteWebDriver.findElement(RemoteWebDriver.java:312)
	at RegisterFunctionality.TC_RF_017.VerifyWhetherThePasswordFieldsInTheRegisterAccountPageAreFollowingPasswordComplexityStandards(TC_RF_017.java:34)
... Removed 29 stack frames]]>
    </failure>
  </testcase> <!-- VerifyWhetherThePasswordFieldsInTheRegisterAccountPageAreFollowingPasswordComplexityStandards -->
  <testcase classname="RegisterFunctionality.TC_RF_017" name="VerifyWhetherThePasswordFieldsInTheRegisterAccountPageAreFollowingPasswordComplexityStandards" time="3.444">
    <failure type="org.openqa.selenium.InvalidSelectorException" message="invalid selector: Unable to locate an element with the xpath expression //input[@id=&amp;apos;input-password]/following-sibling::div because of the following error:
SyntaxError: Failed to execute &amp;apos;evaluate&amp;apos; on &amp;apos;Document&amp;apos;: The string &amp;apos;//input[@id=&amp;apos;input-password]/following-sibling::div&amp;apos; is not a valid XPath expression.
  (Session info: MicrosoftEdge=134.0.3124.93)
For documentation on this error, please visit: https://selenium.dev/exceptions/#invalid_selector_exception
Build info: version: &amp;apos;4.0.0-alpha-7&amp;apos;, revision: &amp;apos;de8579b6d5&amp;apos;
System info: host: &amp;apos;TVMATP567799L&amp;apos;, ip: &amp;apos;192.168.48.252&amp;apos;, os.name: &amp;apos;Windows 11&amp;apos;, os.arch: &amp;apos;amd64&amp;apos;, os.version: &amp;apos;10.0&amp;apos;, java.version: &amp;apos;17.0.2&amp;apos;
Driver info: org.openqa.selenium.edge.EdgeDriver
Capabilities {acceptInsecureCerts: false, browserName: MicrosoftEdge, browserVersion: 134.0.3124.93, fedcm:accounts: true, javascriptEnabled: true, ms:edgeOptions: {debuggerAddress: localhost:55694}, msedge: {msedgedriverVersion: 134.0.3124.85 (4b32110e83d3..., userDataDir: C:\Users\mukesh.ganivada\Ap...}, networkConnectionEnabled: false, pageLoadStrategy: normal, platform: WINDOWS, platformName: WINDOWS, proxy: Proxy(), setWindowRect: true, strictFileInteractability: false, timeouts: {implicit: 0, pageLoad: 300000, script: 30000}, unhandledPromptBehavior: dismiss and notify, webauthn:extension:credBlob: true, webauthn:extension:largeBlob: true, webauthn:extension:minPinLength: true, webauthn:extension:prf: true, webauthn:virtualAuthenticators: true}
Session ID: 0ab80a15b1849f405a8d75bbb631e2bd
*** Element info: {Using=xpath, value=//input[@id=&amp;apos;input-password]/following-sibling::div}">
      <![CDATA[org.openqa.selenium.InvalidSelectorException: invalid selector: Unable to locate an element with the xpath expression //input[@id='input-password]/following-sibling::div because of the following error:
SyntaxError: Failed to execute 'evaluate' on 'Document': The string '//input[@id='input-password]/following-sibling::div' is not a valid XPath expression.
  (Session info: MicrosoftEdge=134.0.3124.93)
For documentation on this error, please visit: https://selenium.dev/exceptions/#invalid_selector_exception
Build info: version: '4.0.0-alpha-7', revision: 'de8579b6d5'
System info: host: 'TVMATP567799L', ip: '192.168.48.252', os.name: 'Windows 11', os.arch: 'amd64', os.version: '10.0', java.version: '17.0.2'
Driver info: org.openqa.selenium.edge.EdgeDriver
Capabilities {acceptInsecureCerts: false, browserName: MicrosoftEdge, browserVersion: 134.0.3124.93, fedcm:accounts: true, javascriptEnabled: true, ms:edgeOptions: {debuggerAddress: localhost:55694}, msedge: {msedgedriverVersion: 134.0.3124.85 (4b32110e83d3..., userDataDir: C:\Users\mukesh.ganivada\Ap...}, networkConnectionEnabled: false, pageLoadStrategy: normal, platform: WINDOWS, platformName: WINDOWS, proxy: Proxy(), setWindowRect: true, strictFileInteractability: false, timeouts: {implicit: 0, pageLoad: 300000, script: 30000}, unhandledPromptBehavior: dismiss and notify, webauthn:extension:credBlob: true, webauthn:extension:largeBlob: true, webauthn:extension:minPinLength: true, webauthn:extension:prf: true, webauthn:virtualAuthenticators: true}
Session ID: 0ab80a15b1849f405a8d75bbb631e2bd
*** Element info: {Using=xpath, value=//input[@id='input-password]/following-sibling::div}
	at org.openqa.selenium.remote.codec.w3c.W3CHttpResponseCodec.createException(W3CHttpResponseCodec.java:196)
	at org.openqa.selenium.remote.codec.w3c.W3CHttpResponseCodec.decode(W3CHttpResponseCodec.java:129)
	at org.openqa.selenium.remote.codec.w3c.W3CHttpResponseCodec.decode(W3CHttpResponseCodec.java:53)
	at org.openqa.selenium.remote.HttpCommandExecutor.execute(HttpCommandExecutor.java:167)
	at org.openqa.selenium.remote.service.DriverCommandExecutor.execute(DriverCommandExecutor.java:123)
	at org.openqa.selenium.remote.RemoteWebDriver.execute(RemoteWebDriver.java:501)
	at org.openqa.selenium.remote.RemoteWebDriver.findElement(RemoteWebDriver.java:332)
	at org.openqa.selenium.By$ByXPath.findElement(By.java:379)
	at org.openqa.selenium.remote.RemoteWebDriver.findElement(RemoteWebDriver.java:312)
	at RegisterFunctionality.TC_RF_017.VerifyWhetherThePasswordFieldsInTheRegisterAccountPageAreFollowingPasswordComplexityStandards(TC_RF_017.java:34)
... Removed 29 stack frames]]>
    </failure>
  </testcase> <!-- VerifyWhetherThePasswordFieldsInTheRegisterAccountPageAreFollowingPasswordComplexityStandards -->
  <testcase classname="RegisterFunctionality.TC_RF_017" name="VerifyWhetherThePasswordFieldsInTheRegisterAccountPageAreFollowingPasswordComplexityStandards" time="2.797">
    <failure type="org.openqa.selenium.InvalidSelectorException" message="invalid selector: Unable to locate an element with the xpath expression //input[@id=&amp;apos;input-password]/following-sibling::div because of the following error:
SyntaxError: Failed to execute &amp;apos;evaluate&amp;apos; on &amp;apos;Document&amp;apos;: The string &amp;apos;//input[@id=&amp;apos;input-password]/following-sibling::div&amp;apos; is not a valid XPath expression.
  (Session info: MicrosoftEdge=134.0.3124.93)
For documentation on this error, please visit: https://selenium.dev/exceptions/#invalid_selector_exception
Build info: version: &amp;apos;4.0.0-alpha-7&amp;apos;, revision: &amp;apos;de8579b6d5&amp;apos;
System info: host: &amp;apos;TVMATP567799L&amp;apos;, ip: &amp;apos;192.168.48.252&amp;apos;, os.name: &amp;apos;Windows 11&amp;apos;, os.arch: &amp;apos;amd64&amp;apos;, os.version: &amp;apos;10.0&amp;apos;, java.version: &amp;apos;17.0.2&amp;apos;
Driver info: org.openqa.selenium.edge.EdgeDriver
Capabilities {acceptInsecureCerts: false, browserName: MicrosoftEdge, browserVersion: 134.0.3124.93, fedcm:accounts: true, javascriptEnabled: true, ms:edgeOptions: {debuggerAddress: localhost:55819}, msedge: {msedgedriverVersion: 134.0.3124.85 (4b32110e83d3..., userDataDir: C:\Users\mukesh.ganivada\Ap...}, networkConnectionEnabled: false, pageLoadStrategy: normal, platform: WINDOWS, platformName: WINDOWS, proxy: Proxy(), setWindowRect: true, strictFileInteractability: false, timeouts: {implicit: 0, pageLoad: 300000, script: 30000}, unhandledPromptBehavior: dismiss and notify, webauthn:extension:credBlob: true, webauthn:extension:largeBlob: true, webauthn:extension:minPinLength: true, webauthn:extension:prf: true, webauthn:virtualAuthenticators: true}
Session ID: ec05178dc84a253790413133bd8f80ad
*** Element info: {Using=xpath, value=//input[@id=&amp;apos;input-password]/following-sibling::div}">
      <![CDATA[org.openqa.selenium.InvalidSelectorException: invalid selector: Unable to locate an element with the xpath expression //input[@id='input-password]/following-sibling::div because of the following error:
SyntaxError: Failed to execute 'evaluate' on 'Document': The string '//input[@id='input-password]/following-sibling::div' is not a valid XPath expression.
  (Session info: MicrosoftEdge=134.0.3124.93)
For documentation on this error, please visit: https://selenium.dev/exceptions/#invalid_selector_exception
Build info: version: '4.0.0-alpha-7', revision: 'de8579b6d5'
System info: host: 'TVMATP567799L', ip: '192.168.48.252', os.name: 'Windows 11', os.arch: 'amd64', os.version: '10.0', java.version: '17.0.2'
Driver info: org.openqa.selenium.edge.EdgeDriver
Capabilities {acceptInsecureCerts: false, browserName: MicrosoftEdge, browserVersion: 134.0.3124.93, fedcm:accounts: true, javascriptEnabled: true, ms:edgeOptions: {debuggerAddress: localhost:55819}, msedge: {msedgedriverVersion: 134.0.3124.85 (4b32110e83d3..., userDataDir: C:\Users\mukesh.ganivada\Ap...}, networkConnectionEnabled: false, pageLoadStrategy: normal, platform: WINDOWS, platformName: WINDOWS, proxy: Proxy(), setWindowRect: true, strictFileInteractability: false, timeouts: {implicit: 0, pageLoad: 300000, script: 30000}, unhandledPromptBehavior: dismiss and notify, webauthn:extension:credBlob: true, webauthn:extension:largeBlob: true, webauthn:extension:minPinLength: true, webauthn:extension:prf: true, webauthn:virtualAuthenticators: true}
Session ID: ec05178dc84a253790413133bd8f80ad
*** Element info: {Using=xpath, value=//input[@id='input-password]/following-sibling::div}
	at org.openqa.selenium.remote.codec.w3c.W3CHttpResponseCodec.createException(W3CHttpResponseCodec.java:196)
	at org.openqa.selenium.remote.codec.w3c.W3CHttpResponseCodec.decode(W3CHttpResponseCodec.java:129)
	at org.openqa.selenium.remote.codec.w3c.W3CHttpResponseCodec.decode(W3CHttpResponseCodec.java:53)
	at org.openqa.selenium.remote.HttpCommandExecutor.execute(HttpCommandExecutor.java:167)
	at org.openqa.selenium.remote.service.DriverCommandExecutor.execute(DriverCommandExecutor.java:123)
	at org.openqa.selenium.remote.RemoteWebDriver.execute(RemoteWebDriver.java:501)
	at org.openqa.selenium.remote.RemoteWebDriver.findElement(RemoteWebDriver.java:332)
	at org.openqa.selenium.By$ByXPath.findElement(By.java:379)
	at org.openqa.selenium.remote.RemoteWebDriver.findElement(RemoteWebDriver.java:312)
	at RegisterFunctionality.TC_RF_017.VerifyWhetherThePasswordFieldsInTheRegisterAccountPageAreFollowingPasswordComplexityStandards(TC_RF_017.java:34)
... Removed 29 stack frames]]>
    </failure>
  </testcase> <!-- VerifyWhetherThePasswordFieldsInTheRegisterAccountPageAreFollowingPasswordComplexityStandards -->
  <testcase classname="RegisterFunctionality.TC_RF_017" name="VerifyWhetherThePasswordFieldsInTheRegisterAccountPageAreFollowingPasswordComplexityStandards" time="3.056">
    <failure type="org.openqa.selenium.InvalidSelectorException" message="invalid selector: Unable to locate an element with the xpath expression //input[@id=&amp;apos;input-password]/following-sibling::div because of the following error:
SyntaxError: Failed to execute &amp;apos;evaluate&amp;apos; on &amp;apos;Document&amp;apos;: The string &amp;apos;//input[@id=&amp;apos;input-password]/following-sibling::div&amp;apos; is not a valid XPath expression.
  (Session info: MicrosoftEdge=134.0.3124.93)
For documentation on this error, please visit: https://selenium.dev/exceptions/#invalid_selector_exception
Build info: version: &amp;apos;4.0.0-alpha-7&amp;apos;, revision: &amp;apos;de8579b6d5&amp;apos;
System info: host: &amp;apos;TVMATP567799L&amp;apos;, ip: &amp;apos;192.168.48.252&amp;apos;, os.name: &amp;apos;Windows 11&amp;apos;, os.arch: &amp;apos;amd64&amp;apos;, os.version: &amp;apos;10.0&amp;apos;, java.version: &amp;apos;17.0.2&amp;apos;
Driver info: org.openqa.selenium.edge.EdgeDriver
Capabilities {acceptInsecureCerts: false, browserName: MicrosoftEdge, browserVersion: 134.0.3124.93, fedcm:accounts: true, javascriptEnabled: true, ms:edgeOptions: {debuggerAddress: localhost:55927}, msedge: {msedgedriverVersion: 134.0.3124.85 (4b32110e83d3..., userDataDir: C:\Users\mukesh.ganivada\Ap...}, networkConnectionEnabled: false, pageLoadStrategy: normal, platform: WINDOWS, platformName: WINDOWS, proxy: Proxy(), setWindowRect: true, strictFileInteractability: false, timeouts: {implicit: 0, pageLoad: 300000, script: 30000}, unhandledPromptBehavior: dismiss and notify, webauthn:extension:credBlob: true, webauthn:extension:largeBlob: true, webauthn:extension:minPinLength: true, webauthn:extension:prf: true, webauthn:virtualAuthenticators: true}
Session ID: 4652de22789dcb228b161394232fb4cd
*** Element info: {Using=xpath, value=//input[@id=&amp;apos;input-password]/following-sibling::div}">
      <![CDATA[org.openqa.selenium.InvalidSelectorException: invalid selector: Unable to locate an element with the xpath expression //input[@id='input-password]/following-sibling::div because of the following error:
SyntaxError: Failed to execute 'evaluate' on 'Document': The string '//input[@id='input-password]/following-sibling::div' is not a valid XPath expression.
  (Session info: MicrosoftEdge=134.0.3124.93)
For documentation on this error, please visit: https://selenium.dev/exceptions/#invalid_selector_exception
Build info: version: '4.0.0-alpha-7', revision: 'de8579b6d5'
System info: host: 'TVMATP567799L', ip: '192.168.48.252', os.name: 'Windows 11', os.arch: 'amd64', os.version: '10.0', java.version: '17.0.2'
Driver info: org.openqa.selenium.edge.EdgeDriver
Capabilities {acceptInsecureCerts: false, browserName: MicrosoftEdge, browserVersion: 134.0.3124.93, fedcm:accounts: true, javascriptEnabled: true, ms:edgeOptions: {debuggerAddress: localhost:55927}, msedge: {msedgedriverVersion: 134.0.3124.85 (4b32110e83d3..., userDataDir: C:\Users\mukesh.ganivada\Ap...}, networkConnectionEnabled: false, pageLoadStrategy: normal, platform: WINDOWS, platformName: WINDOWS, proxy: Proxy(), setWindowRect: true, strictFileInteractability: false, timeouts: {implicit: 0, pageLoad: 300000, script: 30000}, unhandledPromptBehavior: dismiss and notify, webauthn:extension:credBlob: true, webauthn:extension:largeBlob: true, webauthn:extension:minPinLength: true, webauthn:extension:prf: true, webauthn:virtualAuthenticators: true}
Session ID: 4652de22789dcb228b161394232fb4cd
*** Element info: {Using=xpath, value=//input[@id='input-password]/following-sibling::div}
	at org.openqa.selenium.remote.codec.w3c.W3CHttpResponseCodec.createException(W3CHttpResponseCodec.java:196)
	at org.openqa.selenium.remote.codec.w3c.W3CHttpResponseCodec.decode(W3CHttpResponseCodec.java:129)
	at org.openqa.selenium.remote.codec.w3c.W3CHttpResponseCodec.decode(W3CHttpResponseCodec.java:53)
	at org.openqa.selenium.remote.HttpCommandExecutor.execute(HttpCommandExecutor.java:167)
	at org.openqa.selenium.remote.service.DriverCommandExecutor.execute(DriverCommandExecutor.java:123)
	at org.openqa.selenium.remote.RemoteWebDriver.execute(RemoteWebDriver.java:501)
	at org.openqa.selenium.remote.RemoteWebDriver.findElement(RemoteWebDriver.java:332)
	at org.openqa.selenium.By$ByXPath.findElement(By.java:379)
	at org.openqa.selenium.remote.RemoteWebDriver.findElement(RemoteWebDriver.java:312)
	at RegisterFunctionality.TC_RF_017.VerifyWhetherThePasswordFieldsInTheRegisterAccountPageAreFollowingPasswordComplexityStandards(TC_RF_017.java:34)
... Removed 29 stack frames]]>
    </failure>
  </testcase> <!-- VerifyWhetherThePasswordFieldsInTheRegisterAccountPageAreFollowingPasswordComplexityStandards -->
</testsuite> <!-- Test -->
