<!DOCTYPE html PUBLIC "-//W3C//DTD XHTML 1.1//EN" "http://www.w3.org/TR/xhtml11/DTD/xhtml11.dtd">
<html xmlns="http://www.w3.org/1999/xhtml"><head><title>TestNG Report</title><style type="text/css">table {margin-bottom:10px;border-collapse:collapse;empty-cells:show}th,td {border:1px solid #009;padding:.25em .5em}th {vertical-align:bottom}td {vertical-align:top}table a {font-weight:bold}.stripe td {background-color: #E6EBF9}.num {text-align:right}.passedodd td {background-color: #3F3}.passedeven td {background-color: #0A0}.skippedodd td {background-color: #DDD}.skippedeven td {background-color: #CCC}.failedodd td,.attn {background-color: #F33}.failedeven td,.stripe .attn {background-color: #D00}.stacktrace {white-space:pre;font-family:monospace}.totop {font-size:85%;text-align:center;border-bottom:2px solid #000}</style></head><body><table><tr><th>Test</th><th># Passed</th><th># Skipped</th><th># Failed</th><th>Time (ms)</th><th>Included Groups</th><th>Excluded Groups</th></tr><tr><th colspan="7">Suite</th></tr><tr><td><a href="#t0">Test</a></td><td class="num">11</td><td class="num">0</td><td class="num attn">7</td><td class="num">346,563</td><td></td><td></td></tr></table><table><thead><tr><th>Class</th><th>Method</th><th>Start</th><th>Time (ms)</th></tr></thead><tbody><tr><th colspan="4">Suite</th></tr></tbody><tbody id="t0"><tr><th colspan="4">Test &#8212; failed</th></tr><tr class="failedeven"><td rowspan="1">RegisterFunctionality.TC_RF_010</td><td><a href="#m0">ValidateRegisteringByProvidingInvalidEmailAddress</a></td><td rowspan="1">1743586709107</td><td rowspan="1">29949</td></tr><tr class="failedodd"><td rowspan="1">RegisterFunctionality.TC_RF_011</td><td><a href="#m1">RegisteringAnAccountByProvidingInvalidPhoneNumber</a></td><td rowspan="1">1743586757648</td><td rowspan="1">13876</td></tr><tr class="failedeven"><td rowspan="1">RegisterFunctionality.TC_RF_014</td><td><a href="#m2">VerifyAllTheMandatoryFieldsInTheRegisterAccountPageAreMarkedWithRedColorSymbol</a></td><td rowspan="1">1743586816588</td><td rowspan="1">2585</td></tr><tr class="failedodd"><td rowspan="4">RegisterFunctionality.TC_RF_017</td><td><a href="#m3">VerifyWhetherThePasswordFieldsInTheRegisterAccountPageAreFollowingPasswordComplexityStandards</a></td><td rowspan="4">1743586905087</td><td rowspan="4">3056</td></tr><tr class="failedodd"><td><a href="#m4">VerifyWhetherThePasswordFieldsInTheRegisterAccountPageAreFollowingPasswordComplexityStandards</a></td></tr><tr class="failedodd"><td><a href="#m5">VerifyWhetherThePasswordFieldsInTheRegisterAccountPageAreFollowingPasswordComplexityStandards</a></td></tr><tr class="failedodd"><td><a href="#m6">VerifyWhetherThePasswordFieldsInTheRegisterAccountPageAreFollowingPasswordComplexityStandards</a></td></tr><tr><th colspan="4">Test &#8212; passed</th></tr><tr class="passedeven"><td rowspan="1">RegisterFunctionality.TC_RF_001</td><td><a href="#m7">ValidateRegisteringAnAccoiuntByFillingMandatoryFields</a></td><td rowspan="1">1743586570863</td><td rowspan="1">4435</td></tr><tr class="passedodd"><td rowspan="1">RegisterFunctionality.TC_RF_004</td><td><a href="#m8">ValidateProperErrorMsgDisplayedForEmptyFields</a></td><td rowspan="1">1743586597539</td><td rowspan="1">3314</td></tr><tr class="passedeven"><td rowspan="1">RegisterFunctionality.TC_RF_005</td><td><a href="#m9">ValidateRegisteringAnAccountWhenYesOptionIsSelected</a></td><td rowspan="1">1743586612570</td><td rowspan="1">6646</td></tr><tr class="passedodd"><td rowspan="1">RegisterFunctionality.TC_RF_006</td><td><a href="#m10">ValidateRegisteringAnAccountWhenNoOptionIsSelected</a></td><td rowspan="1">1743586638157</td><td rowspan="1">6240</td></tr><tr class="passedeven"><td rowspan="1">RegisterFunctionality.TC_RF_007</td><td><a href="#m11">ValidateDifferentWaysOfNavigatingToRegisterAccountPage</a></td><td rowspan="1">1743586644841</td><td rowspan="1">28321</td></tr><tr class="passedodd"><td rowspan="1">RegisterFunctionality.TC_RF_008</td><td><a href="#m12">ValidateRegisteringAnAccountByEnteringDifferentPasswordsIntoPasswordAndPasswordConfirmFields</a></td><td rowspan="1">1743586686412</td><td rowspan="1">4175</td></tr><tr class="passedeven"><td rowspan="1">RegisterFunctionality.TC_RF_009</td><td><a href="#m13">ValidateRegisteringAnAccountByProvidingTheExistingEmail</a></td><td rowspan="1">1743586699892</td><td rowspan="1">2605</td></tr><tr class="passedodd"><td rowspan="1">RegisterFunctionality.TC_RF_012</td><td><a href="#m14">VerifyRegisteringAnAccountByUsingTheKeyboardKeys</a></td><td rowspan="1">1743586779073</td><td rowspan="1">10096</td></tr><tr class="passedeven"><td rowspan="1">RegisterFunctionality.TC_RF_013</td><td><a href="#m15">VerifyAllTheFieldsInTheRegisterAccountPageHaveTheProperPlaceholders</a></td><td rowspan="1">1743586798333</td><td rowspan="1">2086</td></tr><tr class="passedodd"><td rowspan="1">RegisterFunctionality.TC_RF_015</td><td><a href="#m16">VerifyTheDetailsThatAreProvidedWhileRegisteringAnAccountAreStoredInTheDatabase</a></td><td rowspan="1">1743586831761</td><td rowspan="1">2</td></tr><tr class="passedeven"><td rowspan="1">RegisterFunctionality.TC_RF_016</td><td><a href="#m17">VerifyWhetherTheMandatoryFieldsInTheRegisterAccountPageAreNotAcceptingOnlySpaces</a></td><td rowspan="1">1743586845853</td><td rowspan="1">2701</td></tr></tbody></table><h2>Test</h2><h3 id="m0">RegisterFunctionality.TC_RF_010#ValidateRegisteringByProvidingInvalidEmailAddress</h3><table class="result"><tr><th>Exception</th></tr><tr><td><div class="stacktrace">java.lang.AssertionError: The following asserts failed:
	expected [false] but found [true]
	at RegisterFunctionality.TC_RF_010.ValidateRegisteringByProvidingInvalidEmailAddress(TC_RF_010.java:74)
... Removed 25 stack frames</div></td></tr></table><p class="totop"><a href="#summary">back to summary</a></p><h3 id="m1">RegisterFunctionality.TC_RF_011#RegisteringAnAccountByProvidingInvalidPhoneNumber</h3><table class="result"><tr><th>Exception</th></tr><tr><td><div class="stacktrace">org.openqa.selenium.NoSuchElementException: no such element: Unable to locate element: {&quot;method&quot;:&quot;xpath&quot;,&quot;selector&quot;:&quot;//input[@id=&apos;input-telephone&apos;]/following-sibling::div&quot;}
  (Session info: MicrosoftEdge=134.0.3124.93)
For documentation on this error, please visit: https://selenium.dev/exceptions/#no_such_element
Build info: version: &apos;4.0.0-alpha-7&apos;, revision: &apos;de8579b6d5&apos;
System info: host: &apos;TVMATP567799L&apos;, ip: &apos;192.168.48.252&apos;, os.name: &apos;Windows 11&apos;, os.arch: &apos;amd64&apos;, os.version: &apos;10.0&apos;, java.version: &apos;17.0.2&apos;
Driver info: org.openqa.selenium.edge.EdgeDriver
Capabilities {acceptInsecureCerts: false, browserName: MicrosoftEdge, browserVersion: 134.0.3124.93, fedcm:accounts: true, javascriptEnabled: true, ms:edgeOptions: {debuggerAddress: localhost:54843}, msedge: {msedgedriverVersion: 134.0.3124.85 (4b32110e83d3..., userDataDir: C:\Users\mukesh.ganivada\Ap...}, networkConnectionEnabled: false, pageLoadStrategy: normal, platform: WINDOWS, platformName: WINDOWS, proxy: Proxy(), setWindowRect: true, strictFileInteractability: false, timeouts: {implicit: 0, pageLoad: 300000, script: 30000}, unhandledPromptBehavior: dismiss and notify, webauthn:extension:credBlob: true, webauthn:extension:largeBlob: true, webauthn:extension:minPinLength: true, webauthn:extension:prf: true, webauthn:virtualAuthenticators: true}
Session ID: 21a8ac5313d308f9f9d7cfd149d62c42
*** Element info: {Using=xpath, value=//input[@id=&apos;input-telephone&apos;]/following-sibling::div}
	at org.openqa.selenium.remote.codec.w3c.W3CHttpResponseCodec.createException(W3CHttpResponseCodec.java:196)
	at org.openqa.selenium.remote.codec.w3c.W3CHttpResponseCodec.decode(W3CHttpResponseCodec.java:129)
	at org.openqa.selenium.remote.codec.w3c.W3CHttpResponseCodec.decode(W3CHttpResponseCodec.java:53)
	at org.openqa.selenium.remote.HttpCommandExecutor.execute(HttpCommandExecutor.java:167)
	at org.openqa.selenium.remote.service.DriverCommandExecutor.execute(DriverCommandExecutor.java:123)
	at org.openqa.selenium.remote.RemoteWebDriver.execute(RemoteWebDriver.java:501)
	at org.openqa.selenium.remote.RemoteWebDriver.findElement(RemoteWebDriver.java:332)
	at org.openqa.selenium.By$ByXPath.findElement(By.java:379)
	at org.openqa.selenium.remote.RemoteWebDriver.findElement(RemoteWebDriver.java:312)
	at RegisterFunctionality.TC_RF_011.RegisteringAnAccountByProvidingInvalidPhoneNumber(TC_RF_011.java:40)
... Removed 29 stack frames</div></td></tr></table><p class="totop"><a href="#summary">back to summary</a></p><h3 id="m2">RegisterFunctionality.TC_RF_014#VerifyAllTheMandatoryFieldsInTheRegisterAccountPageAreMarkedWithRedColorSymbol</h3><table class="result"><tr><th>Exception</th></tr><tr><td><div class="stacktrace">java.lang.AssertionError: expected [&quot;* &quot;] but found [none]
	at RegisterFunctionality.TC_RF_014.VerifyAllTheMandatoryFieldsInTheRegisterAccountPageAreMarkedWithRedColorSymbol(TC_RF_014.java:65)
... Removed 30 stack frames</div></td></tr></table><p class="totop"><a href="#summary">back to summary</a></p><h3 id="m3">RegisterFunctionality.TC_RF_017#VerifyWhetherThePasswordFieldsInTheRegisterAccountPageAreFollowingPasswordComplexityStandards</h3><table class="result"><tr class="param"><th>Parameter #1</th></tr><tr class="param stripe"><td>OAJOOJ&amp;</td></tr><tr><th>Exception</th></tr><tr><td><div class="stacktrace">org.openqa.selenium.InvalidSelectorException: invalid selector: Unable to locate an element with the xpath expression //input[@id=&apos;input-password]/following-sibling::div because of the following error:
SyntaxError: Failed to execute &apos;evaluate&apos; on &apos;Document&apos;: The string &apos;//input[@id=&apos;input-password]/following-sibling::div&apos; is not a valid XPath expression.
  (Session info: MicrosoftEdge=134.0.3124.93)
For documentation on this error, please visit: https://selenium.dev/exceptions/#invalid_selector_exception
Build info: version: &apos;4.0.0-alpha-7&apos;, revision: &apos;de8579b6d5&apos;
System info: host: &apos;TVMATP567799L&apos;, ip: &apos;192.168.48.252&apos;, os.name: &apos;Windows 11&apos;, os.arch: &apos;amd64&apos;, os.version: &apos;10.0&apos;, java.version: &apos;17.0.2&apos;
Driver info: org.openqa.selenium.edge.EdgeDriver
Capabilities {acceptInsecureCerts: false, browserName: MicrosoftEdge, browserVersion: 134.0.3124.93, fedcm:accounts: true, javascriptEnabled: true, ms:edgeOptions: {debuggerAddress: localhost:55927}, msedge: {msedgedriverVersion: 134.0.3124.85 (4b32110e83d3..., userDataDir: C:\Users\mukesh.ganivada\Ap...}, networkConnectionEnabled: false, pageLoadStrategy: normal, platform: WINDOWS, platformName: WINDOWS, proxy: Proxy(), setWindowRect: true, strictFileInteractability: false, timeouts: {implicit: 0, pageLoad: 300000, script: 30000}, unhandledPromptBehavior: dismiss and notify, webauthn:extension:credBlob: true, webauthn:extension:largeBlob: true, webauthn:extension:minPinLength: true, webauthn:extension:prf: true, webauthn:virtualAuthenticators: true}
Session ID: 4652de22789dcb228b161394232fb4cd
*** Element info: {Using=xpath, value=//input[@id=&apos;input-password]/following-sibling::div}
	at org.openqa.selenium.remote.codec.w3c.W3CHttpResponseCodec.createException(W3CHttpResponseCodec.java:196)
	at org.openqa.selenium.remote.codec.w3c.W3CHttpResponseCodec.decode(W3CHttpResponseCodec.java:129)
	at org.openqa.selenium.remote.codec.w3c.W3CHttpResponseCodec.decode(W3CHttpResponseCodec.java:53)
	at org.openqa.selenium.remote.HttpCommandExecutor.execute(HttpCommandExecutor.java:167)
	at org.openqa.selenium.remote.service.DriverCommandExecutor.execute(DriverCommandExecutor.java:123)
	at org.openqa.selenium.remote.RemoteWebDriver.execute(RemoteWebDriver.java:501)
	at org.openqa.selenium.remote.RemoteWebDriver.findElement(RemoteWebDriver.java:332)
	at org.openqa.selenium.By$ByXPath.findElement(By.java:379)
	at org.openqa.selenium.remote.RemoteWebDriver.findElement(RemoteWebDriver.java:312)
	at RegisterFunctionality.TC_RF_017.VerifyWhetherThePasswordFieldsInTheRegisterAccountPageAreFollowingPasswordComplexityStandards(TC_RF_017.java:34)
... Removed 29 stack frames</div></td></tr></table><p class="totop"><a href="#summary">back to summary</a></p><h3 id="m4">RegisterFunctionality.TC_RF_017#VerifyWhetherThePasswordFieldsInTheRegisterAccountPageAreFollowingPasswordComplexityStandards</h3><table class="result"><tr class="param"><th>Parameter #1</th></tr><tr class="param stripe"><td>12345</td></tr><tr><th>Exception</th></tr><tr><td><div class="stacktrace">org.openqa.selenium.InvalidSelectorException: invalid selector: Unable to locate an element with the xpath expression //input[@id=&apos;input-password]/following-sibling::div because of the following error:
SyntaxError: Failed to execute &apos;evaluate&apos; on &apos;Document&apos;: The string &apos;//input[@id=&apos;input-password]/following-sibling::div&apos; is not a valid XPath expression.
  (Session info: MicrosoftEdge=134.0.3124.93)
For documentation on this error, please visit: https://selenium.dev/exceptions/#invalid_selector_exception
Build info: version: &apos;4.0.0-alpha-7&apos;, revision: &apos;de8579b6d5&apos;
System info: host: &apos;TVMATP567799L&apos;, ip: &apos;192.168.48.252&apos;, os.name: &apos;Windows 11&apos;, os.arch: &apos;amd64&apos;, os.version: &apos;10.0&apos;, java.version: &apos;17.0.2&apos;
Driver info: org.openqa.selenium.edge.EdgeDriver
Capabilities {acceptInsecureCerts: false, browserName: MicrosoftEdge, browserVersion: 134.0.3124.93, fedcm:accounts: true, javascriptEnabled: true, ms:edgeOptions: {debuggerAddress: localhost:55577}, msedge: {msedgedriverVersion: 134.0.3124.85 (4b32110e83d3..., userDataDir: C:\Users\mukesh.ganivada\Ap...}, networkConnectionEnabled: false, pageLoadStrategy: normal, platform: WINDOWS, platformName: WINDOWS, proxy: Proxy(), setWindowRect: true, strictFileInteractability: false, timeouts: {implicit: 0, pageLoad: 300000, script: 30000}, unhandledPromptBehavior: dismiss and notify, webauthn:extension:credBlob: true, webauthn:extension:largeBlob: true, webauthn:extension:minPinLength: true, webauthn:extension:prf: true, webauthn:virtualAuthenticators: true}
Session ID: 7aace59f0c2238ee29ed347c7ce2e72d
*** Element info: {Using=xpath, value=//input[@id=&apos;input-password]/following-sibling::div}
	at org.openqa.selenium.remote.codec.w3c.W3CHttpResponseCodec.createException(W3CHttpResponseCodec.java:196)
	at org.openqa.selenium.remote.codec.w3c.W3CHttpResponseCodec.decode(W3CHttpResponseCodec.java:129)
	at org.openqa.selenium.remote.codec.w3c.W3CHttpResponseCodec.decode(W3CHttpResponseCodec.java:53)
	at org.openqa.selenium.remote.HttpCommandExecutor.execute(HttpCommandExecutor.java:167)
	at org.openqa.selenium.remote.service.DriverCommandExecutor.execute(DriverCommandExecutor.java:123)
	at org.openqa.selenium.remote.RemoteWebDriver.execute(RemoteWebDriver.java:501)
	at org.openqa.selenium.remote.RemoteWebDriver.findElement(RemoteWebDriver.java:332)
	at org.openqa.selenium.By$ByXPath.findElement(By.java:379)
	at org.openqa.selenium.remote.RemoteWebDriver.findElement(RemoteWebDriver.java:312)
	at RegisterFunctionality.TC_RF_017.VerifyWhetherThePasswordFieldsInTheRegisterAccountPageAreFollowingPasswordComplexityStandards(TC_RF_017.java:34)
... Removed 29 stack frames</div></td></tr></table><p class="totop"><a href="#summary">back to summary</a></p><h3 id="m5">RegisterFunctionality.TC_RF_017#VerifyWhetherThePasswordFieldsInTheRegisterAccountPageAreFollowingPasswordComplexityStandards</h3><table class="result"><tr class="param"><th>Parameter #1</th></tr><tr class="param stripe"><td>SNSKJNK@</td></tr><tr><th>Exception</th></tr><tr><td><div class="stacktrace">org.openqa.selenium.InvalidSelectorException: invalid selector: Unable to locate an element with the xpath expression //input[@id=&apos;input-password]/following-sibling::div because of the following error:
SyntaxError: Failed to execute &apos;evaluate&apos; on &apos;Document&apos;: The string &apos;//input[@id=&apos;input-password]/following-sibling::div&apos; is not a valid XPath expression.
  (Session info: MicrosoftEdge=134.0.3124.93)
For documentation on this error, please visit: https://selenium.dev/exceptions/#invalid_selector_exception
Build info: version: &apos;4.0.0-alpha-7&apos;, revision: &apos;de8579b6d5&apos;
System info: host: &apos;TVMATP567799L&apos;, ip: &apos;192.168.48.252&apos;, os.name: &apos;Windows 11&apos;, os.arch: &apos;amd64&apos;, os.version: &apos;10.0&apos;, java.version: &apos;17.0.2&apos;
Driver info: org.openqa.selenium.edge.EdgeDriver
Capabilities {acceptInsecureCerts: false, browserName: MicrosoftEdge, browserVersion: 134.0.3124.93, fedcm:accounts: true, javascriptEnabled: true, ms:edgeOptions: {debuggerAddress: localhost:55819}, msedge: {msedgedriverVersion: 134.0.3124.85 (4b32110e83d3..., userDataDir: C:\Users\mukesh.ganivada\Ap...}, networkConnectionEnabled: false, pageLoadStrategy: normal, platform: WINDOWS, platformName: WINDOWS, proxy: Proxy(), setWindowRect: true, strictFileInteractability: false, timeouts: {implicit: 0, pageLoad: 300000, script: 30000}, unhandledPromptBehavior: dismiss and notify, webauthn:extension:credBlob: true, webauthn:extension:largeBlob: true, webauthn:extension:minPinLength: true, webauthn:extension:prf: true, webauthn:virtualAuthenticators: true}
Session ID: ec05178dc84a253790413133bd8f80ad
*** Element info: {Using=xpath, value=//input[@id=&apos;input-password]/following-sibling::div}
	at org.openqa.selenium.remote.codec.w3c.W3CHttpResponseCodec.createException(W3CHttpResponseCodec.java:196)
	at org.openqa.selenium.remote.codec.w3c.W3CHttpResponseCodec.decode(W3CHttpResponseCodec.java:129)
	at org.openqa.selenium.remote.codec.w3c.W3CHttpResponseCodec.decode(W3CHttpResponseCodec.java:53)
	at org.openqa.selenium.remote.HttpCommandExecutor.execute(HttpCommandExecutor.java:167)
	at org.openqa.selenium.remote.service.DriverCommandExecutor.execute(DriverCommandExecutor.java:123)
	at org.openqa.selenium.remote.RemoteWebDriver.execute(RemoteWebDriver.java:501)
	at org.openqa.selenium.remote.RemoteWebDriver.findElement(RemoteWebDriver.java:332)
	at org.openqa.selenium.By$ByXPath.findElement(By.java:379)
	at org.openqa.selenium.remote.RemoteWebDriver.findElement(RemoteWebDriver.java:312)
	at RegisterFunctionality.TC_RF_017.VerifyWhetherThePasswordFieldsInTheRegisterAccountPageAreFollowingPasswordComplexityStandards(TC_RF_017.java:34)
... Removed 29 stack frames</div></td></tr></table><p class="totop"><a href="#summary">back to summary</a></p><h3 id="m6">RegisterFunctionality.TC_RF_017#VerifyWhetherThePasswordFieldsInTheRegisterAccountPageAreFollowingPasswordComplexityStandards</h3><table class="result"><tr class="param"><th>Parameter #1</th></tr><tr class="param stripe"><td>ASSSS@</td></tr><tr><th>Exception</th></tr><tr><td><div class="stacktrace">org.openqa.selenium.InvalidSelectorException: invalid selector: Unable to locate an element with the xpath expression //input[@id=&apos;input-password]/following-sibling::div because of the following error:
SyntaxError: Failed to execute &apos;evaluate&apos; on &apos;Document&apos;: The string &apos;//input[@id=&apos;input-password]/following-sibling::div&apos; is not a valid XPath expression.
  (Session info: MicrosoftEdge=134.0.3124.93)
For documentation on this error, please visit: https://selenium.dev/exceptions/#invalid_selector_exception
Build info: version: &apos;4.0.0-alpha-7&apos;, revision: &apos;de8579b6d5&apos;
System info: host: &apos;TVMATP567799L&apos;, ip: &apos;192.168.48.252&apos;, os.name: &apos;Windows 11&apos;, os.arch: &apos;amd64&apos;, os.version: &apos;10.0&apos;, java.version: &apos;17.0.2&apos;
Driver info: org.openqa.selenium.edge.EdgeDriver
Capabilities {acceptInsecureCerts: false, browserName: MicrosoftEdge, browserVersion: 134.0.3124.93, fedcm:accounts: true, javascriptEnabled: true, ms:edgeOptions: {debuggerAddress: localhost:55694}, msedge: {msedgedriverVersion: 134.0.3124.85 (4b32110e83d3..., userDataDir: C:\Users\mukesh.ganivada\Ap...}, networkConnectionEnabled: false, pageLoadStrategy: normal, platform: WINDOWS, platformName: WINDOWS, proxy: Proxy(), setWindowRect: true, strictFileInteractability: false, timeouts: {implicit: 0, pageLoad: 300000, script: 30000}, unhandledPromptBehavior: dismiss and notify, webauthn:extension:credBlob: true, webauthn:extension:largeBlob: true, webauthn:extension:minPinLength: true, webauthn:extension:prf: true, webauthn:virtualAuthenticators: true}
Session ID: 0ab80a15b1849f405a8d75bbb631e2bd
*** Element info: {Using=xpath, value=//input[@id=&apos;input-password]/following-sibling::div}
	at org.openqa.selenium.remote.codec.w3c.W3CHttpResponseCodec.createException(W3CHttpResponseCodec.java:196)
	at org.openqa.selenium.remote.codec.w3c.W3CHttpResponseCodec.decode(W3CHttpResponseCodec.java:129)
	at org.openqa.selenium.remote.codec.w3c.W3CHttpResponseCodec.decode(W3CHttpResponseCodec.java:53)
	at org.openqa.selenium.remote.HttpCommandExecutor.execute(HttpCommandExecutor.java:167)
	at org.openqa.selenium.remote.service.DriverCommandExecutor.execute(DriverCommandExecutor.java:123)
	at org.openqa.selenium.remote.RemoteWebDriver.execute(RemoteWebDriver.java:501)
	at org.openqa.selenium.remote.RemoteWebDriver.findElement(RemoteWebDriver.java:332)
	at org.openqa.selenium.By$ByXPath.findElement(By.java:379)
	at org.openqa.selenium.remote.RemoteWebDriver.findElement(RemoteWebDriver.java:312)
	at RegisterFunctionality.TC_RF_017.VerifyWhetherThePasswordFieldsInTheRegisterAccountPageAreFollowingPasswordComplexityStandards(TC_RF_017.java:34)
... Removed 29 stack frames</div></td></tr></table><p class="totop"><a href="#summary">back to summary</a></p><h3 id="m7">RegisterFunctionality.TC_RF_001#ValidateRegisteringAnAccoiuntByFillingMandatoryFields</h3><table class="result"></table><p class="totop"><a href="#summary">back to summary</a></p><h3 id="m8">RegisterFunctionality.TC_RF_004#ValidateProperErrorMsgDisplayedForEmptyFields</h3><table class="result"></table><p class="totop"><a href="#summary">back to summary</a></p><h3 id="m9">RegisterFunctionality.TC_RF_005#ValidateRegisteringAnAccountWhenYesOptionIsSelected</h3><table class="result"></table><p class="totop"><a href="#summary">back to summary</a></p><h3 id="m10">RegisterFunctionality.TC_RF_006#ValidateRegisteringAnAccountWhenNoOptionIsSelected</h3><table class="result"></table><p class="totop"><a href="#summary">back to summary</a></p><h3 id="m11">RegisterFunctionality.TC_RF_007#ValidateDifferentWaysOfNavigatingToRegisterAccountPage</h3><table class="result"></table><p class="totop"><a href="#summary">back to summary</a></p><h3 id="m12">RegisterFunctionality.TC_RF_008#ValidateRegisteringAnAccountByEnteringDifferentPasswordsIntoPasswordAndPasswordConfirmFields</h3><table class="result"></table><p class="totop"><a href="#summary">back to summary</a></p><h3 id="m13">RegisterFunctionality.TC_RF_009#ValidateRegisteringAnAccountByProvidingTheExistingEmail</h3><table class="result"></table><p class="totop"><a href="#summary">back to summary</a></p><h3 id="m14">RegisterFunctionality.TC_RF_012#VerifyRegisteringAnAccountByUsingTheKeyboardKeys</h3><table class="result"></table><p class="totop"><a href="#summary">back to summary</a></p><h3 id="m15">RegisterFunctionality.TC_RF_013#VerifyAllTheFieldsInTheRegisterAccountPageHaveTheProperPlaceholders</h3><table class="result"></table><p class="totop"><a href="#summary">back to summary</a></p><h3 id="m16">RegisterFunctionality.TC_RF_015#VerifyTheDetailsThatAreProvidedWhileRegisteringAnAccountAreStoredInTheDatabase</h3><table class="result"></table><p class="totop"><a href="#summary">back to summary</a></p><h3 id="m17">RegisterFunctionality.TC_RF_016#VerifyWhetherTheMandatoryFieldsInTheRegisterAccountPageAreNotAcceptingOnlySpaces</h3><table class="result"></table><p class="totop"><a href="#summary">back to summary</a></p></body></html>